# JRE version: OpenJDK Runtime Environment (21.0.3) (build 21.0.3+-12282718-b509.11)
# Java VM: OpenJDK 64-Bit Server VM (21.0.3+-12282718-b509.11, mixed mode, tiered, compressed oops, compressed class ptrs, g1 gc, windows-amd64)
GC Precious Log:
 CardTable entry size: 512
 Card Set container configuration: InlinePtr #cards 5 size 8 Array Of Cards #cards 12 size 40 Howl #buckets 4 coarsen threshold 1843 Howl Bitmap #cards 512 size 80 coarsen threshold 460 Card regions per heap region 1 cards per card region 2048
 CPUs: 8 total, 8 available
 Memory: 3818M
 Large Page Support: Disabled
 NUMA Support: Disabled
 Compressed Oops: Enabled (32-bit)
 Heap Region Size: 1M
 Heap Min Capacity: 8M
 Heap Initial Capacity: 60M
 Heap Max Capacity: 2G
 Pre-touch: Disabled
 Parallel Workers: 8
 Concurrent Workers: 2
 Concurrent Refinement Workers: 8
 Periodic GC: Disabled
Heap:
 garbage-first heap   total 109568K, used 83574K [0x0000000080000000, 0x0000000100000000)
  region size 1024K, 8 young (8192K), 1 survivors (1024K)
 Metaspace       used 59166K, committed 60800K, reserved 1114112K
  class space    used 8010K, committed 8832K, reserved 1048576K
GC Heap History (20 events):
Event: 3.483 GC heap before
{Heap before GC invocations=9 (full 0):
 garbage-first heap   total 73728K, used 45466K [0x0000000080000000, 0x0000000100000000)
  region size 1024K, 15 young (15360K), 4 survivors (4096K)
 Metaspace       used 35029K, committed 35904K, reserved 1114112K
  class space    used 4761K, committed 5184K, reserved 1048576K
}
Event: 3.488 GC heap after
{Heap after GC invocations=10 (full 0):
 garbage-first heap   total 73728K, used 37814K [0x0000000080000000, 0x0000000100000000)
  region size 1024K, 5 young (5120K), 5 survivors (5120K)
 Metaspace       used 35029K, committed 35904K, reserved 1114112K
  class space    used 4761K, committed 5184K, reserved 1048576K
}
Event: 3.881 GC heap before
{Heap before GC invocations=11 (full 0):
 garbage-first heap   total 73728K, used 65462K [0x0000000080000000, 0x0000000100000000)
  region size 1024K, 29 young (29696K), 5 survivors (5120K)
 Metaspace       used 37964K, committed 38848K, reserved 1114112K
  class space    used 5199K, committed 5632K, reserved 1048576K
}
Event: 3.887 GC heap after
{Heap after GC invocations=12 (full 0):
 garbage-first heap   total 74752K, used 44106K [0x0000000080000000, 0x0000000100000000)
  region size 1024K, 4 young (4096K), 4 survivors (4096K)
 Metaspace       used 37964K, committed 38848K, reserved 1114112K
  class space    used 5199K, committed 5632K, reserved 1048576K
}
Event: 4.153 GC heap before
{Heap before GC invocations=12 (full 0):
 garbage-first heap   total 74752K, used 64586K [0x0000000080000000, 0x0000000100000000)
  region size 1024K, 24 young (24576K), 4 survivors (4096K)
 Metaspace       used 40338K, committed 41408K, reserved 1114112K
  class space    used 5605K, committed 6144K, reserved 1048576K
}
Event: 4.156 GC heap after
{Heap after GC invocations=13 (full 0):
 garbage-first heap   total 74752K, used 44875K [0x0000000080000000, 0x0000000100000000)
  region size 1024K, 2 young (2048K), 2 survivors (2048K)
 Metaspace       used 40338K, committed 41408K, reserved 1114112K
  class space    used 5605K, committed 6144K, reserved 1048576K
}
Event: 4.448 GC heap before
{Heap before GC invocations=13 (full 0):
 garbage-first heap   total 74752K, used 66379K [0x0000000080000000, 0x0000000100000000)
  region size 1024K, 23 young (23552K), 2 survivors (2048K)
 Metaspace       used 43465K, committed 44672K, reserved 1114112K
  class space    used 6125K, committed 6720K, reserved 1048576K
}
Event: 4.451 GC heap after
{Heap after GC invocations=14 (full 0):
 garbage-first heap   total 74752K, used 46243K [0x0000000080000000, 0x0000000100000000)
  region size 1024K, 3 young (3072K), 3 survivors (3072K)
 Metaspace       used 43465K, committed 44672K, reserved 1114112K
  class space    used 6125K, committed 6720K, reserved 1048576K
}
Event: 4.732 GC heap before
{Heap before GC invocations=15 (full 0):
 garbage-first heap   total 81920K, used 66723K [0x0000000080000000, 0x0000000100000000)
  region size 1024K, 23 young (23552K), 3 survivors (3072K)
 Metaspace       used 48325K, committed 49664K, reserved 1114112K
  class space    used 6672K, committed 7360K, reserved 1048576K
}
Event: 4.737 GC heap after
{Heap after GC invocations=16 (full 0):
 garbage-first heap   total 81920K, used 48723K [0x0000000080000000, 0x0000000100000000)
  region size 1024K, 3 young (3072K), 3 survivors (3072K)
 Metaspace       used 48325K, committed 49664K, reserved 1114112K
  class space    used 6672K, committed 7360K, reserved 1048576K
}
Event: 4.877 GC heap before
{Heap before GC invocations=16 (full 0):
 garbage-first heap   total 81920K, used 72275K [0x0000000080000000, 0x0000000100000000)
  region size 1024K, 27 young (27648K), 3 survivors (3072K)
 Metaspace       used 49334K, committed 50624K, reserved 1114112K
  class space    used 6749K, committed 7360K, reserved 1048576K
}
Event: 4.882 GC heap after
{Heap after GC invocations=17 (full 0):
 garbage-first heap   total 98304K, used 51019K [0x0000000080000000, 0x0000000100000000)
  region size 1024K, 4 young (4096K), 4 survivors (4096K)
 Metaspace       used 49334K, committed 50624K, reserved 1114112K
  class space    used 6749K, committed 7360K, reserved 1048576K
}
Event: 5.406 GC heap before
{Heap before GC invocations=17 (full 0):
 garbage-first heap   total 98304K, used 89931K [0x0000000080000000, 0x0000000100000000)
  region size 1024K, 38 young (38912K), 4 survivors (4096K)
 Metaspace       used 53980K, committed 55488K, reserved 1114112K
  class space    used 7346K, committed 8128K, reserved 1048576K
}
Event: 5.414 GC heap after
{Heap after GC invocations=18 (full 0):
 garbage-first heap   total 98304K, used 53708K [0x0000000080000000, 0x0000000100000000)
  region size 1024K, 5 young (5120K), 5 survivors (5120K)
 Metaspace       used 53980K, committed 55488K, reserved 1114112K
  class space    used 7346K, committed 8128K, reserved 1048576K
}
Event: 5.896 GC heap before
{Heap before GC invocations=19 (full 0):
 garbage-first heap   total 98304K, used 88524K [0x0000000080000000, 0x0000000100000000)
  region size 1024K, 37 young (37888K), 5 survivors (5120K)
 Metaspace       used 56561K, committed 58176K, reserved 1114112K
  class space    used 7782K, committed 8576K, reserved 1048576K
}
Event: 5.902 GC heap after
{Heap after GC invocations=20 (full 0):
 garbage-first heap   total 99328K, used 60974K [0x0000000080000000, 0x0000000100000000)
  region size 1024K, 5 young (5120K), 5 survivors (5120K)
 Metaspace       used 56561K, committed 58176K, reserved 1114112K
  class space    used 7782K, committed 8576K, reserved 1048576K
}
Event: 6.217 GC heap before
{Heap before GC invocations=20 (full 0):
 garbage-first heap   total 99328K, used 97838K [0x0000000080000000, 0x0000000100000000)
  region size 1024K, 28 young (28672K), 5 survivors (5120K)
 Metaspace       used 58576K, committed 60160K, reserved 1114112K
  class space    used 7910K, committed 8704K, reserved 1048576K
}
Event: 6.226 GC heap after
{Heap after GC invocations=21 (full 0):
 garbage-first heap   total 109568K, used 76886K [0x0000000080000000, 0x0000000100000000)
  region size 1024K, 4 young (4096K), 4 survivors (4096K)
 Metaspace       used 58576K, committed 60160K, reserved 1114112K
  class space    used 7910K, committed 8704K, reserved 1048576K
}
Event: 6.326 GC heap before
{Heap before GC invocations=21 (full 0):
 garbage-first heap   total 109568K, used 97366K [0x0000000080000000, 0x0000000100000000)
  region size 1024K, 24 young (24576K), 4 survivors (4096K)
 Metaspace       used 59105K, committed 60736K, reserved 1114112K
  class space    used 8000K, committed 8832K, reserved 1048576K
}
Event: 6.329 GC heap after
{Heap after GC invocations=22 (full 0):
 garbage-first heap   total 109568K, used 77430K [0x0000000080000000, 0x0000000100000000)
  region size 1024K, 1 young (1024K), 1 survivors (1024K)
 Metaspace       used 59105K, committed 60736K, reserved 1114112K
  class space    used 8000K, committed 8832K, reserved 1048576K
}

