# JRE version: OpenJDK Runtime Environment (21.0.3) (build 21.0.3+-12282718-b509.11)
# Java VM: OpenJDK 64-Bit Server VM (21.0.3+-12282718-b509.11, mixed mode, tiered, compressed oops, compressed class ptrs, g1 gc, windows-amd64)
GC Precious Log:
 CardTable entry size: 512
 Card Set container configuration: InlinePtr #cards 5 size 8 Array Of Cards #cards 12 size 40 Howl #buckets 4 coarsen threshold 1843 Howl Bitmap #cards 512 size 80 coarsen threshold 460 Card regions per heap region 1 cards per card region 2048
 CPUs: 8 total, 8 available
 Memory: 3818M
 Large Page Support: Disabled
 NUMA Support: Disabled
 Compressed Oops: Enabled (32-bit)
 Heap Region Size: 1M
 Heap Min Capacity: 8M
 Heap Initial Capacity: 60M
 Heap Max Capacity: 2G
 Pre-touch: Disabled
 Parallel Workers: 8
 Concurrent Workers: 2
 Concurrent Refinement Workers: 8
 Periodic GC: Disabled
Heap:
 garbage-first heap   total 148480K, used 112992K [0x0000000080000000, 0x0000000100000000)
  region size 1024K, 36 young (36864K), 7 survivors (7168K)
 Metaspace       used 79519K, committed 81344K, reserved 1179648K
  class space    used 10880K, committed 11776K, reserved 1048576K
GC Heap History (20 events):
Event: 12.759 GC heap before
{Heap before GC invocations=17 (full 0):
 garbage-first heap   total 80896K, used 59380K [0x0000000080000000, 0x0000000100000000)
  region size 1024K, 14 young (14336K), 4 survivors (4096K)
 Metaspace       used 49861K, committed 51200K, reserved 1114112K
  class space    used 6807K, committed 7488K, reserved 1048576K
}
Event: 12.766 GC heap after
{Heap after GC invocations=18 (full 0):
 garbage-first heap   total 97280K, used 53080K [0x0000000080000000, 0x0000000100000000)
  region size 1024K, 2 young (2048K), 2 survivors (2048K)
 Metaspace       used 49861K, committed 51200K, reserved 1114112K
  class space    used 6807K, committed 7488K, reserved 1048576K
}
Event: 12.768 GC heap before
{Heap before GC invocations=18 (full 0):
 garbage-first heap   total 97280K, used 54104K [0x0000000080000000, 0x0000000100000000)
  region size 1024K, 3 young (3072K), 2 survivors (2048K)
 Metaspace       used 49861K, committed 51200K, reserved 1114112K
  class space    used 6807K, committed 7488K, reserved 1048576K
}
Event: 12.771 GC heap after
{Heap after GC invocations=19 (full 0):
 garbage-first heap   total 97280K, used 53536K [0x0000000080000000, 0x0000000100000000)
  region size 1024K, 2 young (2048K), 2 survivors (2048K)
 Metaspace       used 49861K, committed 51200K, reserved 1114112K
  class space    used 6807K, committed 7488K, reserved 1048576K
}
Event: 13.895 GC heap before
{Heap before GC invocations=20 (full 0):
 garbage-first heap   total 99328K, used 90400K [0x0000000080000000, 0x0000000100000000)
  region size 1024K, 34 young (34816K), 2 survivors (2048K)
 Metaspace       used 54578K, committed 56064K, reserved 1114112K
  class space    used 7456K, committed 8192K, reserved 1048576K
}
Event: 13.906 GC heap after
{Heap after GC invocations=21 (full 0):
 garbage-first heap   total 99328K, used 54689K [0x0000000080000000, 0x0000000100000000)
  region size 1024K, 4 young (4096K), 4 survivors (4096K)
 Metaspace       used 54578K, committed 56064K, reserved 1114112K
  class space    used 7456K, committed 8192K, reserved 1048576K
}
Event: 14.928 GC heap before
{Heap before GC invocations=21 (full 0):
 garbage-first heap   total 99328K, used 89505K [0x0000000080000000, 0x0000000100000000)
  region size 1024K, 37 young (37888K), 4 survivors (4096K)
 Metaspace       used 56760K, committed 58240K, reserved 1114112K
  class space    used 7785K, committed 8512K, reserved 1048576K
}
Event: 14.963 GC heap after
{Heap after GC invocations=22 (full 0):
 garbage-first heap   total 100352K, used 61148K [0x0000000080000000, 0x0000000100000000)
  region size 1024K, 5 young (5120K), 5 survivors (5120K)
 Metaspace       used 56760K, committed 58240K, reserved 1114112K
  class space    used 7785K, committed 8512K, reserved 1048576K
}
Event: 14.992 GC heap before
{Heap before GC invocations=22 (full 0):
 garbage-first heap   total 100352K, used 61148K [0x0000000080000000, 0x0000000100000000)
  region size 1024K, 7 young (7168K), 5 survivors (5120K)
 Metaspace       used 56766K, committed 58240K, reserved 1114112K
  class space    used 7785K, committed 8512K, reserved 1048576K
}
Event: 14.997 GC heap after
{Heap after GC invocations=23 (full 0):
 garbage-first heap   total 100352K, used 62670K [0x0000000080000000, 0x0000000100000000)
  region size 1024K, 1 young (1024K), 1 survivors (1024K)
 Metaspace       used 56766K, committed 58240K, reserved 1114112K
  class space    used 7785K, committed 8512K, reserved 1048576K
}
Event: 16.184 GC heap before
{Heap before GC invocations=24 (full 0):
 garbage-first heap   total 117760K, used 100558K [0x0000000080000000, 0x0000000100000000)
  region size 1024K, 25 young (25600K), 1 survivors (1024K)
 Metaspace       used 59189K, committed 60800K, reserved 1114112K
  class space    used 8010K, committed 8768K, reserved 1048576K
}
Event: 16.201 GC heap after
{Heap after GC invocations=25 (full 0):
 garbage-first heap   total 117760K, used 78030K [0x0000000080000000, 0x0000000100000000)
  region size 1024K, 4 young (4096K), 4 survivors (4096K)
 Metaspace       used 59189K, committed 60800K, reserved 1114112K
  class space    used 8010K, committed 8768K, reserved 1048576K
}
Event: 16.589 GC heap before
{Heap before GC invocations=25 (full 0):
 garbage-first heap   total 117760K, used 103630K [0x0000000080000000, 0x0000000100000000)
  region size 1024K, 29 young (29696K), 4 survivors (4096K)
 Metaspace       used 59927K, committed 61504K, reserved 1114112K
  class space    used 8146K, committed 8896K, reserved 1048576K
}
Event: 16.598 GC heap after
{Heap after GC invocations=26 (full 0):
 garbage-first heap   total 117760K, used 77649K [0x0000000080000000, 0x0000000100000000)
  region size 1024K, 2 young (2048K), 2 survivors (2048K)
 Metaspace       used 59927K, committed 61504K, reserved 1114112K
  class space    used 8146K, committed 8896K, reserved 1048576K
}
Event: 17.450 GC heap before
{Heap before GC invocations=26 (full 0):
 garbage-first heap   total 117760K, used 103249K [0x0000000080000000, 0x0000000100000000)
  region size 1024K, 28 young (28672K), 2 survivors (2048K)
 Metaspace       used 63515K, committed 65088K, reserved 1114112K
  class space    used 8626K, committed 9408K, reserved 1048576K
}
Event: 17.462 GC heap after
{Heap after GC invocations=27 (full 0):
 garbage-first heap   total 148480K, used 78439K [0x0000000080000000, 0x0000000100000000)
  region size 1024K, 2 young (2048K), 2 survivors (2048K)
 Metaspace       used 63515K, committed 65088K, reserved 1114112K
  class space    used 8626K, committed 9408K, reserved 1048576K
}
Event: 19.627 GC heap before
{Heap before GC invocations=28 (full 0):
 garbage-first heap   total 148480K, used 122471K [0x0000000080000000, 0x0000000100000000)
  region size 1024K, 46 young (47104K), 2 survivors (2048K)
 Metaspace       used 71469K, committed 73152K, reserved 1114112K
  class space    used 9811K, committed 10624K, reserved 1048576K
}
Event: 19.656 GC heap after
{Heap after GC invocations=29 (full 0):
 garbage-first heap   total 148480K, used 80865K [0x0000000080000000, 0x0000000100000000)
  region size 1024K, 5 young (5120K), 5 survivors (5120K)
 Metaspace       used 71469K, committed 73152K, reserved 1114112K
  class space    used 9811K, committed 10624K, reserved 1048576K
}
Event: 22.196 GC heap before
{Heap before GC invocations=29 (full 0):
 garbage-first heap   total 148480K, used 130017K [0x0000000080000000, 0x0000000100000000)
  region size 1024K, 54 young (55296K), 5 survivors (5120K)
 Metaspace       used 76425K, committed 78144K, reserved 1179648K
  class space    used 10366K, committed 11200K, reserved 1048576K
}
Event: 22.213 GC heap after
{Heap after GC invocations=30 (full 0):
 garbage-first heap   total 148480K, used 84320K [0x0000000080000000, 0x0000000100000000)
  region size 1024K, 7 young (7168K), 7 survivors (7168K)
 Metaspace       used 76425K, committed 78144K, reserved 1179648K
  class space    used 10366K, committed 11200K, reserved 1048576K
}

