# JRE version: OpenJDK Runtime Environment (21.0.3) (build 21.0.3+-12282718-b509.11)
# Java VM: OpenJDK 64-Bit Server VM (21.0.3+-12282718-b509.11, mixed mode, tiered, compressed oops, compressed class ptrs, g1 gc, windows-amd64)
GC Precious Log:
 CardTable entry size: 512
 Card Set container configuration: InlinePtr #cards 5 size 8 Array Of Cards #cards 12 size 40 Howl #buckets 4 coarsen threshold 1843 Howl Bitmap #cards 512 size 80 coarsen threshold 460 Card regions per heap region 1 cards per card region 2048
 CPUs: 8 total, 8 available
 Memory: 3818M
 Large Page Support: Disabled
 NUMA Support: Disabled
 Compressed Oops: Enabled (32-bit)
 Heap Region Size: 1M
 Heap Min Capacity: 8M
 Heap Initial Capacity: 60M
 Heap Max Capacity: 2G
 Pre-touch: Disabled
 Parallel Workers: 8
 Concurrent Workers: 2
 Concurrent Refinement Workers: 8
 Periodic GC: Disabled
Heap:
 garbage-first heap   total 114688K, used 80219K [0x0000000080000000, 0x0000000100000000)
  region size 1024K, 5 young (5120K), 3 survivors (3072K)
 Metaspace       used 61268K, committed 62976K, reserved 1114112K
  class space    used 8333K, committed 9152K, reserved 1048576K
GC Heap History (20 events):
Event: 5.233 GC heap before
{Heap before GC invocations=9 (full 0):
 garbage-first heap   total 73728K, used 43393K [0x0000000080000000, 0x0000000100000000)
  region size 1024K, 14 young (14336K), 4 survivors (4096K)
 Metaspace       used 35034K, committed 35904K, reserved 1114112K
  class space    used 4761K, committed 5184K, reserved 1048576K
}
Event: 5.239 GC heap after
{Heap after GC invocations=10 (full 0):
 garbage-first heap   total 73728K, used 38166K [0x0000000080000000, 0x0000000100000000)
  region size 1024K, 5 young (5120K), 5 survivors (5120K)
 Metaspace       used 35034K, committed 35904K, reserved 1114112K
  class space    used 4761K, committed 5184K, reserved 1048576K
}
Event: 5.700 GC heap before
{Heap before GC invocations=11 (full 0):
 garbage-first heap   total 73728K, used 65814K [0x0000000080000000, 0x0000000100000000)
  region size 1024K, 29 young (29696K), 5 survivors (5120K)
 Metaspace       used 38006K, committed 38912K, reserved 1114112K
  class space    used 5210K, committed 5632K, reserved 1048576K
}
Event: 5.706 GC heap after
{Heap after GC invocations=12 (full 0):
 garbage-first heap   total 74752K, used 44037K [0x0000000080000000, 0x0000000100000000)
  region size 1024K, 4 young (4096K), 4 survivors (4096K)
 Metaspace       used 38006K, committed 38912K, reserved 1114112K
  class space    used 5210K, committed 5632K, reserved 1048576K
}
Event: 6.043 GC heap before
{Heap before GC invocations=12 (full 0):
 garbage-first heap   total 74752K, used 64517K [0x0000000080000000, 0x0000000100000000)
  region size 1024K, 24 young (24576K), 4 survivors (4096K)
 Metaspace       used 40415K, committed 41472K, reserved 1114112K
  class space    used 5625K, committed 6144K, reserved 1048576K
}
Event: 6.046 GC heap after
{Heap after GC invocations=13 (full 0):
 garbage-first heap   total 74752K, used 45291K [0x0000000080000000, 0x0000000100000000)
  region size 1024K, 2 young (2048K), 2 survivors (2048K)
 Metaspace       used 40415K, committed 41472K, reserved 1114112K
  class space    used 5625K, committed 6144K, reserved 1048576K
}
Event: 6.383 GC heap before
{Heap before GC invocations=13 (full 0):
 garbage-first heap   total 74752K, used 65771K [0x0000000080000000, 0x0000000100000000)
  region size 1024K, 22 young (22528K), 2 survivors (2048K)
 Metaspace       used 43453K, committed 44672K, reserved 1114112K
  class space    used 6130K, committed 6720K, reserved 1048576K
}
Event: 6.387 GC heap after
{Heap after GC invocations=14 (full 0):
 garbage-first heap   total 74752K, used 46729K [0x0000000080000000, 0x0000000100000000)
  region size 1024K, 3 young (3072K), 3 survivors (3072K)
 Metaspace       used 43453K, committed 44672K, reserved 1114112K
  class space    used 6130K, committed 6720K, reserved 1048576K
}
Event: 6.709 GC heap before
{Heap before GC invocations=15 (full 0):
 garbage-first heap   total 83968K, used 65161K [0x0000000080000000, 0x0000000100000000)
  region size 1024K, 21 young (21504K), 3 survivors (3072K)
 Metaspace       used 47888K, committed 49152K, reserved 1114112K
  class space    used 6607K, committed 7232K, reserved 1048576K
}
Event: 6.713 GC heap after
{Heap after GC invocations=16 (full 0):
 garbage-first heap   total 101376K, used 48934K [0x0000000080000000, 0x0000000100000000)
  region size 1024K, 3 young (3072K), 3 survivors (3072K)
 Metaspace       used 47888K, committed 49152K, reserved 1114112K
  class space    used 6607K, committed 7232K, reserved 1048576K
}
Event: 7.087 GC heap before
{Heap before GC invocations=16 (full 0):
 garbage-first heap   total 101376K, used 90918K [0x0000000080000000, 0x0000000100000000)
  region size 1024K, 40 young (40960K), 3 survivors (3072K)
 Metaspace       used 50953K, committed 52352K, reserved 1114112K
  class space    used 6855K, committed 7552K, reserved 1048576K
}
Event: 7.094 GC heap after
{Heap after GC invocations=17 (full 0):
 garbage-first heap   total 101376K, used 52208K [0x0000000080000000, 0x0000000100000000)
  region size 1024K, 5 young (5120K), 5 survivors (5120K)
 Metaspace       used 50953K, committed 52352K, reserved 1114112K
  class space    used 6855K, committed 7552K, reserved 1048576K
}
Event: 7.582 GC heap before
{Heap before GC invocations=17 (full 0):
 garbage-first heap   total 101376K, used 88048K [0x0000000080000000, 0x0000000100000000)
  region size 1024K, 40 young (40960K), 5 survivors (5120K)
 Metaspace       used 55375K, committed 56832K, reserved 1114112K
  class space    used 7581K, committed 8320K, reserved 1048576K
}
Event: 7.588 GC heap after
{Heap after GC invocations=18 (full 0):
 garbage-first heap   total 101376K, used 54679K [0x0000000080000000, 0x0000000100000000)
  region size 1024K, 3 young (3072K), 3 survivors (3072K)
 Metaspace       used 55375K, committed 56832K, reserved 1114112K
  class space    used 7581K, committed 8320K, reserved 1048576K
}
Event: 8.421 GC heap before
{Heap before GC invocations=19 (full 0):
 garbage-first heap   total 107520K, used 102807K [0x0000000080000000, 0x0000000100000000)
  region size 1024K, 37 young (37888K), 3 survivors (3072K)
 Metaspace       used 57036K, committed 58688K, reserved 1114112K
  class space    used 7841K, committed 8640K, reserved 1048576K
}
Event: 8.429 GC heap after
{Heap after GC invocations=20 (full 0):
 garbage-first heap   total 114688K, used 76674K [0x0000000080000000, 0x0000000100000000)
  region size 1024K, 5 young (5120K), 5 survivors (5120K)
 Metaspace       used 57036K, committed 58688K, reserved 1114112K
  class space    used 7841K, committed 8640K, reserved 1048576K
}
Event: 8.700 GC heap before
{Heap before GC invocations=20 (full 0):
 garbage-first heap   total 114688K, used 103298K [0x0000000080000000, 0x0000000100000000)
  region size 1024K, 30 young (30720K), 5 survivors (5120K)
 Metaspace       used 59081K, committed 60672K, reserved 1114112K
  class space    used 8003K, committed 8768K, reserved 1048576K
}
Event: 8.706 GC heap after
{Heap after GC invocations=21 (full 0):
 garbage-first heap   total 114688K, used 77770K [0x0000000080000000, 0x0000000100000000)
  region size 1024K, 1 young (1024K), 1 survivors (1024K)
 Metaspace       used 59081K, committed 60672K, reserved 1114112K
  class space    used 8003K, committed 8768K, reserved 1048576K
}
Event: 8.985 GC heap before
{Heap before GC invocations=21 (full 0):
 garbage-first heap   total 114688K, used 104394K [0x0000000080000000, 0x0000000100000000)
  region size 1024K, 27 young (27648K), 1 survivors (1024K)
 Metaspace       used 61077K, committed 62784K, reserved 1114112K
  class space    used 8305K, committed 9152K, reserved 1048576K
}
Event: 8.988 GC heap after
{Heap after GC invocations=22 (full 0):
 garbage-first heap   total 114688K, used 79195K [0x0000000080000000, 0x0000000100000000)
  region size 1024K, 3 young (3072K), 3 survivors (3072K)
 Metaspace       used 61077K, committed 62784K, reserved 1114112K
  class space    used 8305K, committed 9152K, reserved 1048576K
}

