# JRE version: OpenJDK Runtime Environment (21.0.3) (build 21.0.3+-12282718-b509.11)
# Java VM: OpenJDK 64-Bit Server VM (21.0.3+-12282718-b509.11, mixed mode, tiered, compressed oops, compressed class ptrs, g1 gc, windows-amd64)
GC Precious Log:
 CardTable entry size: 512
 Card Set container configuration: InlinePtr #cards 5 size 8 Array Of Cards #cards 12 size 40 Howl #buckets 4 coarsen threshold 1843 Howl Bitmap #cards 512 size 80 coarsen threshold 460 Card regions per heap region 1 cards per card region 2048
 CPUs: 8 total, 8 available
 Memory: 3818M
 Large Page Support: Disabled
 NUMA Support: Disabled
 Compressed Oops: Enabled (32-bit)
 Heap Region Size: 1M
 Heap Min Capacity: 8M
 Heap Initial Capacity: 60M
 Heap Max Capacity: 2G
 Pre-touch: Disabled
 Parallel Workers: 8
 Concurrent Workers: 2
 Concurrent Refinement Workers: 8
 Periodic GC: Disabled
Heap:
 garbage-first heap   total 133120K, used 86918K [0x0000000080000000, 0x0000000100000000)
  region size 1024K, 13 young (13312K), 4 survivors (4096K)
 Metaspace       used 64185K, committed 65856K, reserved 1114112K
  class space    used 8744K, committed 9536K, reserved 1048576K
GC Heap History (20 events):
Event: 6.177 GC heap before
{Heap before GC invocations=14 (full 0):
 garbage-first heap   total 73728K, used 58356K [0x0000000080000000, 0x0000000100000000)
  region size 1024K, 18 young (18432K), 3 survivors (3072K)
 Metaspace       used 38700K, committed 39616K, reserved 1114112K
  class space    used 5324K, committed 5760K, reserved 1048576K
}
Event: 6.184 GC heap after
{Heap after GC invocations=15 (full 0):
 garbage-first heap   total 73728K, used 44290K [0x0000000080000000, 0x0000000100000000)
  region size 1024K, 1 young (1024K), 1 survivors (1024K)
 Metaspace       used 38700K, committed 39616K, reserved 1114112K
  class space    used 5324K, committed 5760K, reserved 1048576K
}
Event: 6.446 GC heap before
{Heap before GC invocations=15 (full 0):
 garbage-first heap   total 73728K, used 59650K [0x0000000080000000, 0x0000000100000000)
  region size 1024K, 16 young (16384K), 1 survivors (1024K)
 Metaspace       used 40563K, committed 41664K, reserved 1114112K
  class space    used 5647K, committed 6208K, reserved 1048576K
}
Event: 6.448 GC heap after
{Heap after GC invocations=16 (full 0):
 garbage-first heap   total 73728K, used 45010K [0x0000000080000000, 0x0000000100000000)
  region size 1024K, 2 young (2048K), 2 survivors (2048K)
 Metaspace       used 40563K, committed 41664K, reserved 1114112K
  class space    used 5647K, committed 6208K, reserved 1048576K
}
Event: 6.739 GC heap before
{Heap before GC invocations=17 (full 0):
 garbage-first heap   total 80896K, used 61394K [0x0000000080000000, 0x0000000100000000)
  region size 1024K, 18 young (18432K), 2 survivors (2048K)
 Metaspace       used 42950K, committed 44224K, reserved 1114112K
  class space    used 6045K, committed 6656K, reserved 1048576K
}
Event: 6.743 GC heap after
{Heap after GC invocations=18 (full 0):
 garbage-first heap   total 80896K, used 46207K [0x0000000080000000, 0x0000000100000000)
  region size 1024K, 3 young (3072K), 3 survivors (3072K)
 Metaspace       used 42950K, committed 44224K, reserved 1114112K
  class space    used 6045K, committed 6656K, reserved 1048576K
}
Event: 7.179 GC heap before
{Heap before GC invocations=18 (full 0):
 garbage-first heap   total 80896K, used 66687K [0x0000000080000000, 0x0000000100000000)
  region size 1024K, 24 young (24576K), 3 survivors (3072K)
 Metaspace       used 47920K, committed 49280K, reserved 1114112K
  class space    used 6604K, committed 7296K, reserved 1048576K
}
Event: 7.187 GC heap after
{Heap after GC invocations=19 (full 0):
 garbage-first heap   total 80896K, used 48260K [0x0000000080000000, 0x0000000100000000)
  region size 1024K, 3 young (3072K), 3 survivors (3072K)
 Metaspace       used 47920K, committed 49280K, reserved 1114112K
  class space    used 6604K, committed 7296K, reserved 1048576K
}
Event: 7.383 GC heap before
{Heap before GC invocations=19 (full 0):
 garbage-first heap   total 80896K, used 67716K [0x0000000080000000, 0x0000000100000000)
  region size 1024K, 23 young (23552K), 3 survivors (3072K)
 Metaspace       used 49295K, committed 50560K, reserved 1114112K
  class space    used 6736K, committed 7360K, reserved 1048576K
}
Event: 7.389 GC heap after
{Heap after GC invocations=20 (full 0):
 garbage-first heap   total 113664K, used 51073K [0x0000000080000000, 0x0000000100000000)
  region size 1024K, 3 young (3072K), 3 survivors (3072K)
 Metaspace       used 49295K, committed 50560K, reserved 1114112K
  class space    used 6736K, committed 7360K, reserved 1048576K
}
Event: 8.207 GC heap before
{Heap before GC invocations=21 (full 0):
 garbage-first heap   total 113664K, used 95105K [0x0000000080000000, 0x0000000100000000)
  region size 1024K, 42 young (43008K), 3 survivors (3072K)
 Metaspace       used 53758K, committed 55296K, reserved 1114112K
  class space    used 7300K, committed 8064K, reserved 1048576K
}
Event: 8.217 GC heap after
{Heap after GC invocations=22 (full 0):
 garbage-first heap   total 113664K, used 53061K [0x0000000080000000, 0x0000000100000000)
  region size 1024K, 5 young (5120K), 5 survivors (5120K)
 Metaspace       used 53758K, committed 55296K, reserved 1114112K
  class space    used 7300K, committed 8064K, reserved 1048576K
}
Event: 9.201 GC heap before
{Heap before GC invocations=22 (full 0):
 garbage-first heap   total 113664K, used 103237K [0x0000000080000000, 0x0000000100000000)
  region size 1024K, 46 young (47104K), 5 survivors (5120K)
 Metaspace       used 56709K, committed 58176K, reserved 1114112K
  class space    used 7782K, committed 8512K, reserved 1048576K
}
Event: 9.212 GC heap after
{Heap after GC invocations=23 (full 0):
 garbage-first heap   total 116736K, used 68327K [0x0000000080000000, 0x0000000100000000)
  region size 1024K, 6 young (6144K), 6 survivors (6144K)
 Metaspace       used 56709K, committed 58176K, reserved 1114112K
  class space    used 7782K, committed 8512K, reserved 1048576K
}
Event: 9.328 GC heap before
{Heap before GC invocations=23 (full 0):
 garbage-first heap   total 116736K, used 72423K [0x0000000080000000, 0x0000000100000000)
  region size 1024K, 11 young (11264K), 6 survivors (6144K)
 Metaspace       used 56895K, committed 58496K, reserved 1114112K
  class space    used 7819K, committed 8576K, reserved 1048576K
}
Event: 9.337 GC heap after
{Heap after GC invocations=24 (full 0):
 garbage-first heap   total 116736K, used 70463K [0x0000000080000000, 0x0000000100000000)
  region size 1024K, 2 young (2048K), 2 survivors (2048K)
 Metaspace       used 56895K, committed 58496K, reserved 1114112K
  class space    used 7819K, committed 8576K, reserved 1048576K
}
Event: 9.859 GC heap before
{Heap before GC invocations=25 (full 0):
 garbage-first heap   total 133120K, used 109375K [0x0000000080000000, 0x0000000100000000)
  region size 1024K, 32 young (32768K), 2 survivors (2048K)
 Metaspace       used 59035K, committed 60608K, reserved 1114112K
  class space    used 7994K, committed 8768K, reserved 1048576K
}
Event: 9.863 GC heap after
{Heap after GC invocations=26 (full 0):
 garbage-first heap   total 133120K, used 78042K [0x0000000080000000, 0x0000000100000000)
  region size 1024K, 3 young (3072K), 3 survivors (3072K)
 Metaspace       used 59035K, committed 60608K, reserved 1114112K
  class space    used 7994K, committed 8768K, reserved 1048576K
}
Event: 10.278 GC heap before
{Heap before GC invocations=26 (full 0):
 garbage-first heap   total 133120K, used 114906K [0x0000000080000000, 0x0000000100000000)
  region size 1024K, 39 young (39936K), 3 survivors (3072K)
 Metaspace       used 63073K, committed 64704K, reserved 1114112K
  class space    used 8561K, committed 9344K, reserved 1048576K
}
Event: 10.282 GC heap after
{Heap after GC invocations=27 (full 0):
 garbage-first heap   total 133120K, used 78726K [0x0000000080000000, 0x0000000100000000)
  region size 1024K, 4 young (4096K), 4 survivors (4096K)
 Metaspace       used 63073K, committed 64704K, reserved 1114112K
  class space    used 8561K, committed 9344K, reserved 1048576K
}

