# JRE version: OpenJDK Runtime Environment (21.0.3) (build 21.0.3+-12282718-b509.11)
# Java VM: OpenJDK 64-Bit Server VM (21.0.3+-12282718-b509.11, mixed mode, tiered, compressed oops, compressed class ptrs, g1 gc, windows-amd64)
GC Precious Log:
 CardTable entry size: 512
 Card Set container configuration: InlinePtr #cards 5 size 8 Array Of Cards #cards 12 size 40 Howl #buckets 4 coarsen threshold 1843 Howl Bitmap #cards 512 size 80 coarsen threshold 460 Card regions per heap region 1 cards per card region 2048
 CPUs: 8 total, 8 available
 Memory: 3818M
 Large Page Support: Disabled
 NUMA Support: Disabled
 Compressed Oops: Enabled (32-bit)
 Heap Region Size: 1M
 Heap Min Capacity: 8M
 Heap Initial Capacity: 60M
 Heap Max Capacity: 2G
 Pre-touch: Disabled
 Parallel Workers: 8
 Concurrent Workers: 2
 Concurrent Refinement Workers: 8
 Periodic GC: Disabled
Heap:
 garbage-first heap   total 148480K, used 81329K [0x0000000080000000, 0x0000000100000000)
  region size 1024K, 5 young (5120K), 5 survivors (5120K)
 Metaspace       used 67333K, committed 68992K, reserved 1114112K
  class space    used 9217K, committed 10048K, reserved 1048576K
GC Heap History (20 events):
Event: 6.681 GC heap after
{Heap after GC invocations=12 (full 0):
 garbage-first heap   total 74752K, used 44568K [0x0000000080000000, 0x0000000100000000)
  region size 1024K, 3 young (3072K), 3 survivors (3072K)
 Metaspace       used 37960K, committed 38848K, reserved 1114112K
  class space    used 5201K, committed 5632K, reserved 1048576K
}
Event: 7.003 GC heap before
{Heap before GC invocations=12 (full 0):
 garbage-first heap   total 74752K, used 66072K [0x0000000080000000, 0x0000000100000000)
  region size 1024K, 24 young (24576K), 3 survivors (3072K)
 Metaspace       used 40433K, committed 41472K, reserved 1114112K
  class space    used 5624K, committed 6144K, reserved 1048576K
}
Event: 7.007 GC heap after
{Heap after GC invocations=13 (full 0):
 garbage-first heap   total 74752K, used 45361K [0x0000000080000000, 0x0000000100000000)
  region size 1024K, 2 young (2048K), 2 survivors (2048K)
 Metaspace       used 40433K, committed 41472K, reserved 1114112K
  class space    used 5624K, committed 6144K, reserved 1048576K
}
Event: 7.395 GC heap before
{Heap before GC invocations=13 (full 0):
 garbage-first heap   total 74752K, used 65841K [0x0000000080000000, 0x0000000100000000)
  region size 1024K, 22 young (22528K), 2 survivors (2048K)
 Metaspace       used 43455K, committed 44672K, reserved 1114112K
  class space    used 6124K, committed 6720K, reserved 1048576K
}
Event: 7.399 GC heap after
{Heap after GC invocations=14 (full 0):
 garbage-first heap   total 74752K, used 46592K [0x0000000080000000, 0x0000000100000000)
  region size 1024K, 3 young (3072K), 3 survivors (3072K)
 Metaspace       used 43455K, committed 44672K, reserved 1114112K
  class space    used 6124K, committed 6720K, reserved 1048576K
}
Event: 7.822 GC heap before
{Heap before GC invocations=15 (full 0):
 garbage-first heap   total 81920K, used 66048K [0x0000000080000000, 0x0000000100000000)
  region size 1024K, 22 young (22528K), 3 survivors (3072K)
 Metaspace       used 48052K, committed 49408K, reserved 1114112K
  class space    used 6625K, committed 7296K, reserved 1048576K
}
Event: 7.828 GC heap after
{Heap after GC invocations=16 (full 0):
 garbage-first heap   total 81920K, used 48990K [0x0000000080000000, 0x0000000100000000)
  region size 1024K, 3 young (3072K), 3 survivors (3072K)
 Metaspace       used 48052K, committed 49408K, reserved 1114112K
  class space    used 6625K, committed 7296K, reserved 1048576K
}
Event: 8.053 GC heap before
{Heap before GC invocations=16 (full 0):
 garbage-first heap   total 81920K, used 72542K [0x0000000080000000, 0x0000000100000000)
  region size 1024K, 27 young (27648K), 3 survivors (3072K)
 Metaspace       used 49312K, committed 50560K, reserved 1114112K
  class space    used 6744K, committed 7360K, reserved 1048576K
}
Event: 8.061 GC heap after
{Heap after GC invocations=17 (full 0):
 garbage-first heap   total 98304K, used 51672K [0x0000000080000000, 0x0000000100000000)
  region size 1024K, 4 young (4096K), 4 survivors (4096K)
 Metaspace       used 49312K, committed 50560K, reserved 1114112K
  class space    used 6744K, committed 7360K, reserved 1048576K
}
Event: 8.900 GC heap before
{Heap before GC invocations=17 (full 0):
 garbage-first heap   total 98304K, used 89560K [0x0000000080000000, 0x0000000100000000)
  region size 1024K, 37 young (37888K), 4 survivors (4096K)
 Metaspace       used 53711K, committed 55232K, reserved 1114112K
  class space    used 7301K, committed 8064K, reserved 1048576K
}
Event: 8.913 GC heap after
{Heap after GC invocations=18 (full 0):
 garbage-first heap   total 98304K, used 54844K [0x0000000080000000, 0x0000000100000000)
  region size 1024K, 5 young (5120K), 5 survivors (5120K)
 Metaspace       used 53711K, committed 55232K, reserved 1114112K
  class space    used 7301K, committed 8064K, reserved 1048576K
}
Event: 10.251 GC heap before
{Heap before GC invocations=19 (full 0):
 garbage-first heap   total 98304K, used 87612K [0x0000000080000000, 0x0000000100000000)
  region size 1024K, 36 young (36864K), 5 survivors (5120K)
 Metaspace       used 56558K, committed 58112K, reserved 1114112K
  class space    used 7786K, committed 8576K, reserved 1048576K
}
Event: 10.269 GC heap after
{Heap after GC invocations=20 (full 0):
 garbage-first heap   total 99328K, used 61938K [0x0000000080000000, 0x0000000100000000)
  region size 1024K, 5 young (5120K), 5 survivors (5120K)
 Metaspace       used 56558K, committed 58112K, reserved 1114112K
  class space    used 7786K, committed 8576K, reserved 1048576K
}
Event: 11.102 GC heap before
{Heap before GC invocations=20 (full 0):
 garbage-first heap   total 99328K, used 97778K [0x0000000080000000, 0x0000000100000000)
  region size 1024K, 27 young (27648K), 5 survivors (5120K)
 Metaspace       used 58293K, committed 59840K, reserved 1114112K
  class space    used 7876K, committed 8640K, reserved 1048576K
}
Event: 11.186 GC heap after
{Heap after GC invocations=21 (full 0):
 garbage-first heap   total 109568K, used 77675K [0x0000000080000000, 0x0000000100000000)
  region size 1024K, 4 young (4096K), 4 survivors (4096K)
 Metaspace       used 58293K, committed 59840K, reserved 1114112K
  class space    used 7876K, committed 8640K, reserved 1048576K
}
Event: 11.375 GC heap before
{Heap before GC invocations=21 (full 0):
 garbage-first heap   total 109568K, used 98155K [0x0000000080000000, 0x0000000100000000)
  region size 1024K, 24 young (24576K), 4 survivors (4096K)
 Metaspace       used 59186K, committed 60800K, reserved 1114112K
  class space    used 8001K, committed 8768K, reserved 1048576K
}
Event: 11.379 GC heap after
{Heap after GC invocations=22 (full 0):
 garbage-first heap   total 109568K, used 78622K [0x0000000080000000, 0x0000000100000000)
  region size 1024K, 1 young (1024K), 1 survivors (1024K)
 Metaspace       used 59186K, committed 60800K, reserved 1114112K
  class space    used 8001K, committed 8768K, reserved 1048576K
}
Event: 11.682 GC heap before
{Heap before GC invocations=23 (full 0):
 garbage-first heap   total 148480K, used 99102K [0x0000000080000000, 0x0000000100000000)
  region size 1024K, 21 young (21504K), 1 survivors (1024K)
 Metaspace       used 60379K, committed 62016K, reserved 1114112K
  class space    used 8193K, committed 9024K, reserved 1048576K
}
Event: 11.690 GC heap after
{Heap after GC invocations=24 (full 0):
 garbage-first heap   total 148480K, used 79921K [0x0000000080000000, 0x0000000100000000)
  region size 1024K, 2 young (2048K), 2 survivors (2048K)
 Metaspace       used 60379K, committed 62016K, reserved 1114112K
  class space    used 8193K, committed 9024K, reserved 1048576K
}
Event: 12.774 GC heap before
{Heap before GC invocations=24 (full 0):
 garbage-first heap   total 148480K, used 130097K [0x0000000080000000, 0x0000000100000000)
  region size 1024K, 52 young (53248K), 2 survivors (2048K)
 Metaspace       used 67333K, committed 68992K, reserved 1114112K
  class space    used 9217K, committed 10048K, reserved 1048576K
}

