# JRE version: OpenJDK Runtime Environment (21.0.3) (build 21.0.3+-12282718-b509.11)
# Java VM: OpenJDK 64-Bit Server VM (21.0.3+-12282718-b509.11, mixed mode, tiered, compressed oops, compressed class ptrs, g1 gc, windows-amd64)
GC Precious Log:
 CardTable entry size: 512
 Card Set container configuration: InlinePtr #cards 5 size 8 Array Of Cards #cards 12 size 40 Howl #buckets 4 coarsen threshold 1843 Howl Bitmap #cards 512 size 80 coarsen threshold 460 Card regions per heap region 1 cards per card region 2048
 CPUs: 8 total, 8 available
 Memory: 3818M
 Large Page Support: Disabled
 NUMA Support: Disabled
 Compressed Oops: Enabled (32-bit)
 Heap Region Size: 1M
 Heap Min Capacity: 8M
 Heap Initial Capacity: 60M
 Heap Max Capacity: 2G
 Pre-touch: Disabled
 Parallel Workers: 8
 Concurrent Workers: 2
 Concurrent Refinement Workers: 8
 Periodic GC: Disabled
Heap:
 garbage-first heap   total 181248K, used 89083K [0x0000000080000000, 0x0000000100000000)
  region size 1024K, 5 young (5120K), 5 survivors (5120K)
 Metaspace       used 73485K, committed 75264K, reserved 1114112K
  class space    used 10073K, committed 10944K, reserved 1048576K
GC Heap History (20 events):
Event: 7.689 GC heap after
{Heap after GC invocations=22 (full 0):
 garbage-first heap   total 92160K, used 53964K [0x0000000080000000, 0x0000000100000000)
  region size 1024K, 2 young (2048K), 2 survivors (2048K)
 Metaspace       used 52683K, committed 54080K, reserved 1114112K
  class space    used 7130K, committed 7808K, reserved 1048576K
}
Event: 8.029 GC heap before
{Heap before GC invocations=22 (full 0):
 garbage-first heap   total 92160K, used 80588K [0x0000000080000000, 0x0000000100000000)
  region size 1024K, 28 young (28672K), 2 survivors (2048K)
 Metaspace       used 55937K, committed 57472K, reserved 1114112K
  class space    used 7672K, committed 8448K, reserved 1048576K
}
Event: 8.033 GC heap after
{Heap after GC invocations=23 (full 0):
 garbage-first heap   total 110592K, used 54822K [0x0000000080000000, 0x0000000100000000)
  region size 1024K, 3 young (3072K), 3 survivors (3072K)
 Metaspace       used 55937K, committed 57472K, reserved 1114112K
  class space    used 7672K, committed 8448K, reserved 1048576K
}
Event: 8.221 GC heap before
{Heap before GC invocations=23 (full 0):
 garbage-first heap   total 110592K, used 61990K [0x0000000080000000, 0x0000000100000000)
  region size 1024K, 11 young (11264K), 3 survivors (3072K)
 Metaspace       used 56460K, committed 57984K, reserved 1114112K
  class space    used 7768K, committed 8512K, reserved 1048576K
}
Event: 8.231 GC heap after
{Heap after GC invocations=24 (full 0):
 garbage-first heap   total 110592K, used 56401K [0x0000000080000000, 0x0000000100000000)
  region size 1024K, 5 young (5120K), 5 survivors (5120K)
 Metaspace       used 56460K, committed 57984K, reserved 1114112K
  class space    used 7768K, committed 8512K, reserved 1048576K
}
Event: 9.168 GC heap before
{Heap before GC invocations=25 (full 0):
 garbage-first heap   total 110592K, used 108625K [0x0000000080000000, 0x0000000100000000)
  region size 1024K, 41 young (41984K), 5 survivors (5120K)
 Metaspace       used 59194K, committed 60736K, reserved 1114112K
  class space    used 8003K, committed 8768K, reserved 1048576K
}
Event: 9.183 GC heap after
{Heap after GC invocations=26 (full 0):
 garbage-first heap   total 120832K, used 76113K [0x0000000080000000, 0x0000000100000000)
  region size 1024K, 6 young (6144K), 6 survivors (6144K)
 Metaspace       used 59194K, committed 60736K, reserved 1114112K
  class space    used 8003K, committed 8768K, reserved 1048576K
}
Event: 9.424 GC heap before
{Heap before GC invocations=26 (full 0):
 garbage-first heap   total 120832K, used 106833K [0x0000000080000000, 0x0000000100000000)
  region size 1024K, 36 young (36864K), 6 survivors (6144K)
 Metaspace       used 60331K, committed 62016K, reserved 1114112K
  class space    used 8197K, committed 9024K, reserved 1048576K
}
Event: 9.430 GC heap after
{Heap after GC invocations=27 (full 0):
 garbage-first heap   total 120832K, used 76042K [0x0000000080000000, 0x0000000100000000)
  region size 1024K, 2 young (2048K), 2 survivors (2048K)
 Metaspace       used 60331K, committed 62016K, reserved 1114112K
  class space    used 8197K, committed 9024K, reserved 1048576K
}
Event: 9.977 GC heap before
{Heap before GC invocations=27 (full 0):
 garbage-first heap   total 120832K, used 107786K [0x0000000080000000, 0x0000000100000000)
  region size 1024K, 33 young (33792K), 2 survivors (2048K)
 Metaspace       used 64701K, committed 66368K, reserved 1114112K
  class space    used 8803K, committed 9600K, reserved 1048576K
}
Event: 9.982 GC heap after
{Heap after GC invocations=28 (full 0):
 garbage-first heap   total 120832K, used 77207K [0x0000000080000000, 0x0000000100000000)
  region size 1024K, 3 young (3072K), 3 survivors (3072K)
 Metaspace       used 64701K, committed 66368K, reserved 1114112K
  class space    used 8803K, committed 9600K, reserved 1048576K
}
Event: 10.715 GC heap before
{Heap before GC invocations=29 (full 0):
 garbage-first heap   total 138240K, used 107927K [0x0000000080000000, 0x0000000100000000)
  region size 1024K, 33 young (33792K), 3 survivors (3072K)
 Metaspace       used 68686K, committed 70336K, reserved 1114112K
  class space    used 9427K, committed 10240K, reserved 1048576K
}
Event: 10.722 GC heap after
{Heap after GC invocations=30 (full 0):
 garbage-first heap   total 138240K, used 78892K [0x0000000080000000, 0x0000000100000000)
  region size 1024K, 4 young (4096K), 4 survivors (4096K)
 Metaspace       used 68686K, committed 70336K, reserved 1114112K
  class space    used 9427K, committed 10240K, reserved 1048576K
}
Event: 13.835 GC heap before
{Heap before GC invocations=30 (full 0):
 garbage-first heap   total 138240K, used 122924K [0x0000000080000000, 0x0000000100000000)
  region size 1024K, 47 young (48128K), 4 survivors (4096K)
 Metaspace       used 72688K, committed 74496K, reserved 1114112K
  class space    used 10048K, committed 10944K, reserved 1048576K
}
Event: 13.860 GC heap after
{Heap after GC invocations=31 (full 0):
 garbage-first heap   total 138240K, used 82307K [0x0000000080000000, 0x0000000100000000)
  region size 1024K, 6 young (6144K), 6 survivors (6144K)
 Metaspace       used 72688K, committed 74496K, reserved 1114112K
  class space    used 10048K, committed 10944K, reserved 1048576K
}
Event: 14.421 GC heap before
{Heap before GC invocations=31 (full 0):
 garbage-first heap   total 138240K, used 122243K [0x0000000080000000, 0x0000000100000000)
  region size 1024K, 46 young (47104K), 6 survivors (6144K)
 Metaspace       used 73258K, committed 75072K, reserved 1114112K
  class space    used 10071K, committed 10944K, reserved 1048576K
}
Event: 14.446 GC heap after
{Heap after GC invocations=32 (full 0):
 garbage-first heap   total 138240K, used 86855K [0x0000000080000000, 0x0000000100000000)
  region size 1024K, 5 young (5120K), 5 survivors (5120K)
 Metaspace       used 73258K, committed 75072K, reserved 1114112K
  class space    used 10071K, committed 10944K, reserved 1048576K
}
Event: 14.806 GC heap before
{Heap before GC invocations=33 (full 0):
 garbage-first heap   total 181248K, used 120647K [0x0000000080000000, 0x0000000100000000)
  region size 1024K, 39 young (39936K), 5 survivors (5120K)
 Metaspace       used 73461K, committed 75264K, reserved 1114112K
  class space    used 10071K, committed 10944K, reserved 1048576K
}
Event: 14.821 GC heap after
{Heap after GC invocations=34 (full 0):
 garbage-first heap   total 181248K, used 88187K [0x0000000080000000, 0x0000000100000000)
  region size 1024K, 4 young (4096K), 4 survivors (4096K)
 Metaspace       used 73461K, committed 75264K, reserved 1114112K
  class space    used 10071K, committed 10944K, reserved 1048576K
}
Event: 17.688 GC heap before
{Heap before GC invocations=34 (full 0):
 garbage-first heap   total 181248K, used 159867K [0x0000000080000000, 0x0000000100000000)
  region size 1024K, 75 young (76800K), 4 survivors (4096K)
 Metaspace       used 73485K, committed 75264K, reserved 1114112K
  class space    used 10073K, committed 10944K, reserved 1048576K
}

