# JRE version: OpenJDK Runtime Environment (21.0.3) (build 21.0.3+-12282718-b509.11)
# Java VM: OpenJDK 64-Bit Server VM (21.0.3+-12282718-b509.11, mixed mode, tiered, compressed oops, compressed class ptrs, g1 gc, windows-amd64)
GC Precious Log:
 CardTable entry size: 512
 Card Set container configuration: InlinePtr #cards 5 size 8 Array Of Cards #cards 12 size 40 Howl #buckets 4 coarsen threshold 1843 Howl Bitmap #cards 512 size 80 coarsen threshold 460 Card regions per heap region 1 cards per card region 2048
 CPUs: 8 total, 8 available
 Memory: 3818M
 Large Page Support: Disabled
 NUMA Support: Disabled
 Compressed Oops: Enabled (32-bit)
 Heap Region Size: 1M
 Heap Min Capacity: 8M
 Heap Initial Capacity: 60M
 Heap Max Capacity: 2G
 Pre-touch: Disabled
 Parallel Workers: 8
 Concurrent Workers: 2
 Concurrent Refinement Workers: 8
 Periodic GC: Disabled
Heap:
 garbage-first heap   total 135168K, used 80307K [0x0000000080000000, 0x0000000100000000)
  region size 1024K, 4 young (4096K), 4 survivors (4096K)
 Metaspace       used 68045K, committed 69760K, reserved 1114112K
  class space    used 9272K, committed 10112K, reserved 1048576K
GC Heap History (20 events):
Event: 4.502 GC heap after
{Heap after GC invocations=12 (full 0):
 garbage-first heap   total 74752K, used 44575K [0x0000000080000000, 0x0000000100000000)
  region size 1024K, 3 young (3072K), 3 survivors (3072K)
 Metaspace       used 37972K, committed 38848K, reserved 1114112K
  class space    used 5206K, committed 5632K, reserved 1048576K
}
Event: 4.775 GC heap before
{Heap before GC invocations=12 (full 0):
 garbage-first heap   total 74752K, used 66079K [0x0000000080000000, 0x0000000100000000)
  region size 1024K, 24 young (24576K), 3 survivors (3072K)
 Metaspace       used 40486K, committed 41536K, reserved 1114112K
  class space    used 5632K, committed 6144K, reserved 1048576K
}
Event: 4.778 GC heap after
{Heap after GC invocations=13 (full 0):
 garbage-first heap   total 74752K, used 45369K [0x0000000080000000, 0x0000000100000000)
  region size 1024K, 2 young (2048K), 2 survivors (2048K)
 Metaspace       used 40486K, committed 41536K, reserved 1114112K
  class space    used 5632K, committed 6144K, reserved 1048576K
}
Event: 5.063 GC heap before
{Heap before GC invocations=13 (full 0):
 garbage-first heap   total 74752K, used 65849K [0x0000000080000000, 0x0000000100000000)
  region size 1024K, 22 young (22528K), 2 survivors (2048K)
 Metaspace       used 43498K, committed 44672K, reserved 1114112K
  class space    used 6134K, committed 6720K, reserved 1048576K
}
Event: 5.067 GC heap after
{Heap after GC invocations=14 (full 0):
 garbage-first heap   total 74752K, used 46573K [0x0000000080000000, 0x0000000100000000)
  region size 1024K, 3 young (3072K), 3 survivors (3072K)
 Metaspace       used 43498K, committed 44672K, reserved 1114112K
  class space    used 6134K, committed 6720K, reserved 1048576K
}
Event: 5.372 GC heap before
{Heap before GC invocations=15 (full 0):
 garbage-first heap   total 83968K, used 63981K [0x0000000080000000, 0x0000000100000000)
  region size 1024K, 21 young (21504K), 3 survivors (3072K)
 Metaspace       used 47942K, committed 49280K, reserved 1114112K
  class space    used 6613K, committed 7296K, reserved 1048576K
}
Event: 5.378 GC heap after
{Heap after GC invocations=16 (full 0):
 garbage-first heap   total 83968K, used 49002K [0x0000000080000000, 0x0000000100000000)
  region size 1024K, 3 young (3072K), 3 survivors (3072K)
 Metaspace       used 47942K, committed 49280K, reserved 1114112K
  class space    used 6613K, committed 7296K, reserved 1048576K
}
Event: 5.521 GC heap before
{Heap before GC invocations=16 (full 0):
 garbage-first heap   total 83968K, used 73578K [0x0000000080000000, 0x0000000100000000)
  region size 1024K, 28 young (28672K), 3 survivors (3072K)
 Metaspace       used 49304K, committed 50624K, reserved 1114112K
  class space    used 6743K, committed 7424K, reserved 1048576K
}
Event: 5.526 GC heap after
{Heap after GC invocations=17 (full 0):
 garbage-first heap   total 101376K, used 51672K [0x0000000080000000, 0x0000000100000000)
  region size 1024K, 4 young (4096K), 4 survivors (4096K)
 Metaspace       used 49304K, committed 50624K, reserved 1114112K
  class space    used 6743K, committed 7424K, reserved 1048576K
}
Event: 6.088 GC heap before
{Heap before GC invocations=17 (full 0):
 garbage-first heap   total 101376K, used 91608K [0x0000000080000000, 0x0000000100000000)
  region size 1024K, 39 young (39936K), 4 survivors (4096K)
 Metaspace       used 54006K, committed 55424K, reserved 1114112K
  class space    used 7350K, committed 8064K, reserved 1048576K
}
Event: 6.098 GC heap after
{Heap after GC invocations=18 (full 0):
 garbage-first heap   total 101376K, used 54143K [0x0000000080000000, 0x0000000100000000)
  region size 1024K, 5 young (5120K), 5 survivors (5120K)
 Metaspace       used 54006K, committed 55424K, reserved 1114112K
  class space    used 7350K, committed 8064K, reserved 1048576K
}
Event: 6.664 GC heap before
{Heap before GC invocations=19 (full 0):
 garbage-first heap   total 101376K, used 89983K [0x0000000080000000, 0x0000000100000000)
  region size 1024K, 38 young (38912K), 5 survivors (5120K)
 Metaspace       used 56590K, committed 58112K, reserved 1114112K
  class space    used 7782K, committed 8512K, reserved 1048576K
}
Event: 6.674 GC heap after
{Heap after GC invocations=20 (full 0):
 garbage-first heap   total 101376K, used 61201K [0x0000000080000000, 0x0000000100000000)
  region size 1024K, 5 young (5120K), 5 survivors (5120K)
 Metaspace       used 56590K, committed 58112K, reserved 1114112K
  class space    used 7782K, committed 8512K, reserved 1048576K
}
Event: 7.160 GC heap before
{Heap before GC invocations=20 (full 0):
 garbage-first heap   total 101376K, used 100113K [0x0000000080000000, 0x0000000100000000)
  region size 1024K, 30 young (30720K), 5 survivors (5120K)
 Metaspace       used 59117K, committed 60672K, reserved 1114112K
  class space    used 7998K, committed 8768K, reserved 1048576K
}
Event: 7.194 GC heap after
{Heap after GC invocations=21 (full 0):
 garbage-first heap   total 111616K, used 76616K [0x0000000080000000, 0x0000000100000000)
  region size 1024K, 5 young (5120K), 5 survivors (5120K)
 Metaspace       used 59117K, committed 60672K, reserved 1114112K
  class space    used 7998K, committed 8768K, reserved 1048576K
}
Event: 7.265 GC heap before
{Heap before GC invocations=21 (full 0):
 garbage-first heap   total 111616K, used 100168K [0x0000000080000000, 0x0000000100000000)
  region size 1024K, 28 young (28672K), 5 survivors (5120K)
 Metaspace       used 59183K, committed 60736K, reserved 1114112K
  class space    used 8009K, committed 8768K, reserved 1048576K
}
Event: 7.273 GC heap after
{Heap after GC invocations=22 (full 0):
 garbage-first heap   total 111616K, used 78186K [0x0000000080000000, 0x0000000100000000)
  region size 1024K, 1 young (1024K), 1 survivors (1024K)
 Metaspace       used 59183K, committed 60736K, reserved 1114112K
  class space    used 8009K, committed 8768K, reserved 1048576K
}
Event: 7.723 GC heap before
{Heap before GC invocations=23 (full 0):
 garbage-first heap   total 135168K, used 100714K [0x0000000080000000, 0x0000000100000000)
  region size 1024K, 24 young (24576K), 1 survivors (1024K)
 Metaspace       used 62173K, committed 63808K, reserved 1114112K
  class space    used 8443K, committed 9216K, reserved 1048576K
}
Event: 7.760 GC heap after
{Heap after GC invocations=24 (full 0):
 garbage-first heap   total 135168K, used 79263K [0x0000000080000000, 0x0000000100000000)
  region size 1024K, 2 young (2048K), 2 survivors (2048K)
 Metaspace       used 62173K, committed 63808K, reserved 1114112K
  class space    used 8443K, committed 9216K, reserved 1048576K
}
Event: 8.576 GC heap before
{Heap before GC invocations=24 (full 0):
 garbage-first heap   total 135168K, used 117151K [0x0000000080000000, 0x0000000100000000)
  region size 1024K, 40 young (40960K), 2 survivors (2048K)
 Metaspace       used 68045K, committed 69760K, reserved 1114112K
  class space    used 9272K, committed 10112K, reserved 1048576K
}

